<?xml version="1.0" encoding="UTF-8"?>
<!-- Generated by org.testng.reporters.JUnitXMLReporter -->
<testsuite ignored="0" hostname="Angel-PC" failures="0" tests="4" name="Test Case-1" time="19.882" errors="0" timestamp="2021-12-02T00:40:01 CST">
  <testcase classname="interviewExercise.liverpool.NewTest" name="closeRegionPopUp" time="1.739"/>
  <testcase classname="interviewExercise.liverpool.NewTest" name="searchForProduct" time="2.137"/>
  <testcase classname="interviewExercise.liverpool.NewTest" name="selectResult" time="1.781"/>
  <testcase classname="interviewExercise.liverpool.NewTest" name="addToCart" time="8.766"/>
</testsuite> <!-- Test Case-1 -->
