<?xml version="1.0" encoding="UTF-8"?>
<!-- Generated by org.testng.reporters.JUnitXMLReporter -->
<testsuite ignored="0" hostname="Angel-PC" failures="0" tests="4" name="Test Case-2" time="21.029" errors="0" timestamp="2021-12-02T00:40:22 CST">
  <testcase classname="interviewExercise.liverpool.TestExecution" name="closeRegionPopUp" time="1.757"/>
  <testcase classname="interviewExercise.liverpool.TestExecution" name="searchForProduct" time="2.605"/>
  <testcase classname="interviewExercise.liverpool.TestExecution" name="selectResult" time="1.898"/>
  <testcase classname="interviewExercise.liverpool.TestExecution" name="addToCart" time="8.824"/>
</testsuite> <!-- Test Case-2 -->
