<?xml version="1.0" encoding="UTF-8"?>
<testng-results ignored="0" total="19" passed="19" failed="0" skipped="0">
  <reporter-output>
  </reporter-output>
  <suite started-at="2021-12-08T18:35:35 CST" name="TS-1: Liverpool sales" finished-at="2021-12-08T18:36:52 CST" duration-ms="76624">
    <groups>
    </groups>
    <test started-at="2021-12-08T18:35:35 CST" name="TC-1: Validate Product Price" finished-at="2021-12-08T18:35:56 CST" duration-ms="20770">
      <class name="interviewExercise.liverpool.TestCase1">
        <test-method is-config="true" signature="beforeTest()[pri:0, instance:interviewExercise.liverpool.TestCase1@2805d709]" started-at="2021-12-08T18:35:35 CST" name="beforeTest" finished-at="2021-12-08T18:35:40 CST" duration-ms="4664" status="PASS">
          <reporter-output>
          </reporter-output>
        </test-method> <!-- beforeTest -->
        <test-method signature="closeRegionPopUp()[pri:1, instance:interviewExercise.liverpool.TestCase1@2805d709]" started-at="2021-12-08T18:35:40 CST" name="closeRegionPopUp" finished-at="2021-12-08T18:35:42 CST" duration-ms="1795" status="PASS">
          <reporter-output>
          </reporter-output>
        </test-method> <!-- closeRegionPopUp -->
        <test-method signature="searchForProduct()[pri:2, instance:interviewExercise.liverpool.TestCase1@2805d709]" started-at="2021-12-08T18:35:42 CST" name="searchForProduct" finished-at="2021-12-08T18:35:44 CST" duration-ms="2032" status="PASS">
          <reporter-output>
          </reporter-output>
        </test-method> <!-- searchForProduct -->
        <test-method signature="selectResult()[pri:3, instance:interviewExercise.liverpool.TestCase1@2805d709]" started-at="2021-12-08T18:35:44 CST" name="selectResult" finished-at="2021-12-08T18:35:46 CST" duration-ms="1862" status="PASS">
          <reporter-output>
          </reporter-output>
        </test-method> <!-- selectResult -->
        <test-method signature="addToCart()[pri:4, instance:interviewExercise.liverpool.TestCase1@2805d709]" started-at="2021-12-08T18:35:46 CST" name="addToCart" finished-at="2021-12-08T18:35:52 CST" duration-ms="5850" status="PASS">
          <reporter-output>
          </reporter-output>
        </test-method> <!-- addToCart -->
        <test-method signature="goToBag()[pri:5, instance:interviewExercise.liverpool.TestCase1@2805d709]" started-at="2021-12-08T18:35:52 CST" name="goToBag" finished-at="2021-12-08T18:35:55 CST" duration-ms="3871" status="PASS">
          <reporter-output>
          </reporter-output>
        </test-method> <!-- goToBag -->
        <test-method signature="validatePrices()[pri:6, instance:interviewExercise.liverpool.TestCase1@2805d709]" started-at="2021-12-08T18:35:55 CST" name="validatePrices" finished-at="2021-12-08T18:35:56 CST" duration-ms="210" status="PASS">
          <reporter-output>
          </reporter-output>
        </test-method> <!-- validatePrices -->
        <test-method is-config="true" signature="afterTest()[pri:0, instance:interviewExercise.liverpool.TestCase1@2805d709]" started-at="2021-12-08T18:35:56 CST" name="afterTest" finished-at="2021-12-08T18:35:56 CST" duration-ms="445" status="PASS">
          <reporter-output>
          </reporter-output>
        </test-method> <!-- afterTest -->
      </class> <!-- interviewExercise.liverpool.TestCase1 -->
    </test> <!-- TC-1: Validate Product Price -->
    <test started-at="2021-12-08T18:35:56 CST" name="TC-2: Validate Login Redirect after confirming order" finished-at="2021-12-08T18:36:25 CST" duration-ms="29132">
      <class name="interviewExercise.liverpool.TestCase2">
        <test-method is-config="true" signature="beforeTest()[pri:0, instance:interviewExercise.liverpool.TestCase2@5d534f5d]" started-at="2021-12-08T18:35:56 CST" name="beforeTest" finished-at="2021-12-08T18:36:01 CST" duration-ms="4607" status="PASS">
          <reporter-output>
          </reporter-output>
        </test-method> <!-- beforeTest -->
        <test-method signature="closeRegionPopUp()[pri:1, instance:interviewExercise.liverpool.TestCase2@5d534f5d]" started-at="2021-12-08T18:36:01 CST" name="closeRegionPopUp" finished-at="2021-12-08T18:36:03 CST" duration-ms="2268" status="PASS">
          <reporter-output>
          </reporter-output>
        </test-method> <!-- closeRegionPopUp -->
        <test-method signature="searchForProduct()[pri:2, instance:interviewExercise.liverpool.TestCase2@5d534f5d]" started-at="2021-12-08T18:36:03 CST" name="searchForProduct" finished-at="2021-12-08T18:36:05 CST" duration-ms="1883" status="PASS">
          <reporter-output>
          </reporter-output>
        </test-method> <!-- searchForProduct -->
        <test-method signature="selectResult()[pri:3, instance:interviewExercise.liverpool.TestCase2@5d534f5d]" started-at="2021-12-08T18:36:05 CST" name="selectResult" finished-at="2021-12-08T18:36:07 CST" duration-ms="1695" status="PASS">
          <reporter-output>
          </reporter-output>
        </test-method> <!-- selectResult -->
        <test-method signature="addToCart()[pri:4, instance:interviewExercise.liverpool.TestCase2@5d534f5d]" started-at="2021-12-08T18:36:07 CST" name="addToCart" finished-at="2021-12-08T18:36:12 CST" duration-ms="5804" status="PASS">
          <reporter-output>
          </reporter-output>
        </test-method> <!-- addToCart -->
        <test-method signature="goToBag()[pri:5, instance:interviewExercise.liverpool.TestCase2@5d534f5d]" started-at="2021-12-08T18:36:12 CST" name="goToBag" finished-at="2021-12-08T18:36:17 CST" duration-ms="4264" status="PASS">
          <reporter-output>
          </reporter-output>
        </test-method> <!-- goToBag -->
        <test-method signature="buy()[pri:6, instance:interviewExercise.liverpool.TestCase2@5d534f5d]" started-at="2021-12-08T18:36:17 CST" name="buy" finished-at="2021-12-08T18:36:17 CST" duration-ms="160" status="PASS">
          <reporter-output>
          </reporter-output>
        </test-method> <!-- buy -->
        <test-method signature="validateLogin()[pri:7, instance:interviewExercise.liverpool.TestCase2@5d534f5d]" started-at="2021-12-08T18:36:17 CST" name="validateLogin" finished-at="2021-12-08T18:36:21 CST" duration-ms="4270" status="PASS">
          <reporter-output>
          </reporter-output>
        </test-method> <!-- validateLogin -->
        <test-method is-config="true" signature="afterTest()[pri:0, instance:interviewExercise.liverpool.TestCase2@5d534f5d]" started-at="2021-12-08T18:36:21 CST" name="afterTest" finished-at="2021-12-08T18:36:25 CST" duration-ms="4170" status="PASS">
          <reporter-output>
          </reporter-output>
        </test-method> <!-- afterTest -->
      </class> <!-- interviewExercise.liverpool.TestCase2 -->
    </test> <!-- TC-2: Validate Login Redirect after confirming order -->
    <test started-at="2021-12-08T18:36:25 CST" name="TC-3: Validate Empty Message when deleting unique product" finished-at="2021-12-08T18:36:52 CST" duration-ms="26629">
      <class name="interviewExercise.liverpool.TestCase3">
        <test-method is-config="true" signature="beforeTest()[pri:0, instance:interviewExercise.liverpool.TestCase3@2e6a8155]" started-at="2021-12-08T18:36:25 CST" name="beforeTest" finished-at="2021-12-08T18:36:30 CST" duration-ms="4400" status="PASS">
          <reporter-output>
          </reporter-output>
        </test-method> <!-- beforeTest -->
        <test-method signature="closeRegionPopUp()[pri:1, instance:interviewExercise.liverpool.TestCase3@2e6a8155]" started-at="2021-12-08T18:36:30 CST" name="closeRegionPopUp" finished-at="2021-12-08T18:36:32 CST" duration-ms="1854" status="PASS">
          <reporter-output>
          </reporter-output>
        </test-method> <!-- closeRegionPopUp -->
        <test-method signature="searchForProduct()[pri:2, instance:interviewExercise.liverpool.TestCase3@2e6a8155]" started-at="2021-12-08T18:36:32 CST" name="searchForProduct" finished-at="2021-12-08T18:36:34 CST" duration-ms="2330" status="PASS">
          <reporter-output>
          </reporter-output>
        </test-method> <!-- searchForProduct -->
        <test-method signature="selectResult()[pri:3, instance:interviewExercise.liverpool.TestCase3@2e6a8155]" started-at="2021-12-08T18:36:34 CST" name="selectResult" finished-at="2021-12-08T18:36:36 CST" duration-ms="1926" status="PASS">
          <reporter-output>
          </reporter-output>
        </test-method> <!-- selectResult -->
        <test-method signature="addToCart()[pri:4, instance:interviewExercise.liverpool.TestCase3@2e6a8155]" started-at="2021-12-08T18:36:36 CST" name="addToCart" finished-at="2021-12-08T18:36:42 CST" duration-ms="5746" status="PASS">
          <reporter-output>
          </reporter-output>
        </test-method> <!-- addToCart -->
        <test-method signature="goToBag()[pri:5, instance:interviewExercise.liverpool.TestCase3@2e6a8155]" started-at="2021-12-08T18:36:42 CST" name="goToBag" finished-at="2021-12-08T18:36:47 CST" duration-ms="5157" status="PASS">
          <reporter-output>
          </reporter-output>
        </test-method> <!-- goToBag -->
        <test-method signature="validateDropItem()[pri:6, instance:interviewExercise.liverpool.TestCase3@2e6a8155]" started-at="2021-12-08T18:36:47 CST" name="validateDropItem" finished-at="2021-12-08T18:36:48 CST" duration-ms="874" status="PASS">
          <reporter-output>
          </reporter-output>
        </test-method> <!-- validateDropItem -->
        <test-method is-config="true" signature="afterTest()[pri:0, instance:interviewExercise.liverpool.TestCase3@2e6a8155]" started-at="2021-12-08T18:36:48 CST" name="afterTest" finished-at="2021-12-08T18:36:52 CST" duration-ms="4335" status="PASS">
          <reporter-output>
          </reporter-output>
        </test-method> <!-- afterTest -->
      </class> <!-- interviewExercise.liverpool.TestCase3 -->
    </test> <!-- TC-3: Validate Empty Message when deleting unique product -->
  </suite> <!-- TS-1: Liverpool sales -->
</testng-results>
