<?xml version="1.0" encoding="UTF-8"?>
<!-- Generated by org.testng.reporters.JUnitXMLReporter -->
<testsuite ignored="0" hostname="Angel-PC" failures="0" tests="6" name="Default test" time="27.877" errors="0" timestamp="2021-12-07T17:52:04 CST">
  <testcase classname="interviewExercise.liverpool.TestCase1" name="closeRegionPopUp" time="0.138"/>
  <testcase classname="interviewExercise.liverpool.TestCase1" name="searchForProduct" time="1.851"/>
  <testcase classname="interviewExercise.liverpool.TestCase1" name="selectResult" time="2.051"/>
  <testcase classname="interviewExercise.liverpool.TestCase1" name="addToCart" time="5.903"/>
  <testcase classname="interviewExercise.liverpool.TestCase1" name="goToBag" time="4.464"/>
  <testcase classname="interviewExercise.liverpool.TestCase1" name="validatePrices" time="0.181"/>
</testsuite> <!-- Default test -->
